2022-08-16 23:46:43.003 | INFO     | agg_utils:get_data_from_sources:113 - PNUH extracted
2022-08-16 23:46:43.134 | INFO     | agg_utils:get_data_from_sources:113 - DCMC extracted
2022-08-16 23:46:43.283 | INFO     | agg_utils:get_data_from_sources:113 - KHMC extracted
2022-08-16 23:46:43.417 | INFO     | agg_utils:get_data_from_sources:113 - EUMC extracted
2022-08-16 23:46:43.551 | INFO     | agg_utils:get_data_from_sources:113 - GNUH extracted
2022-08-16 23:46:43.686 | INFO     | agg_utils:get_data_from_sources:113 - KDH extracted
2022-08-16 23:46:43.695 | INFO     | agg_utils:ple_aggregation:457 - target_id: 3933, comparator_id: 3934, outcome_id: 3085
2022-08-16 23:46:43.720 | WARNING  | agg_utils:ple_aggregation:559 - PNUH has non-positive value in target_outcomes 
2022-08-16 23:46:43.721 | WARNING  | agg_utils:ple_aggregation:559 - DCMC has non-positive value in target_outcomes 
2022-08-16 23:46:43.721 | WARNING  | agg_utils:ple_aggregation:559 - KHMC has non-positive value in target_outcomes 
2022-08-16 23:46:43.722 | WARNING  | agg_utils:ple_aggregation:559 - EUMC has non-positive value in target_outcomes 
2022-08-16 23:46:43.722 | WARNING  | agg_utils:ple_aggregation:559 - EUMC has non-positive value in comparator_outcomes 
2022-08-16 23:46:43.722 | WARNING  | agg_utils:ple_aggregation:559 - KDH has non-positive value in target_outcomes 
2022-08-16 23:46:48.494 | INFO     | agg_utils:ple_aggregation:617 - 
                target: [seol] Operation_HNNC_Aspirin, 

                Comparator : [seol] Operation_HNNC_NonAspirin, 

                Outcome : [seol] Any Death, 

                to report_t3933_c3934_o3085.html
2022-08-16 23:46:48.536 | INFO     | agg_utils:ple_aggregation:457 - target_id: 3937, comparator_id: 3938, outcome_id: 3085
2022-08-16 23:46:48.567 | WARNING  | agg_utils:ple_aggregation:559 - PNUH has non-positive value in target_outcomes 
2022-08-16 23:46:48.568 | WARNING  | agg_utils:ple_aggregation:559 - DCMC has non-positive value in target_outcomes 
2022-08-16 23:46:48.568 | WARNING  | agg_utils:ple_aggregation:559 - DCMC has non-positive value in comparator_outcomes 
2022-08-16 23:46:48.569 | WARNING  | agg_utils:ple_aggregation:559 - KHMC has non-positive value in target_outcomes 
2022-08-16 23:46:48.569 | WARNING  | agg_utils:ple_aggregation:559 - EUMC has non-positive value in target_subjects 
2022-08-16 23:46:48.569 | WARNING  | agg_utils:ple_aggregation:559 - EUMC has non-positive value in target_outcomes 
2022-08-16 23:46:48.570 | WARNING  | agg_utils:ple_aggregation:559 - EUMC has non-positive value in comparator_outcomes 
2022-08-16 23:46:48.570 | WARNING  | agg_utils:ple_aggregation:559 - EUMC has non-positive value in target_no_outcomes 
2022-08-16 23:46:48.571 | WARNING  | agg_utils:ple_aggregation:559 - KDH has non-positive value in target_outcomes 
2022-08-16 23:46:50.701 | INFO     | agg_utils:ple_aggregation:617 - 
                target: [seol] Operation_HNNC_Metformin, 

                Comparator : [seol] Operation_HNNC_NonMetformin, 

                Outcome : [seol] Any Death, 

                to report_t3937_c3938_o3085.html
2022-08-16 23:46:50.741 | INFO     | agg_utils:ple_aggregation:457 - target_id: 3940, comparator_id: 3941, outcome_id: 3085
2022-08-16 23:46:50.771 | WARNING  | agg_utils:ple_aggregation:559 - DCMC has non-positive value in target_outcomes 
2022-08-16 23:46:50.772 | WARNING  | agg_utils:ple_aggregation:559 - EUMC has non-positive value in target_outcomes 
2022-08-16 23:46:53.883 | INFO     | agg_utils:ple_aggregation:617 - 
                target: [seol] Operation_HNNC_Statin, 

                Comparator : [seol] Operation_HNNC_NonStatin, 

                Outcome : [seol] Any Death, 

                to report_t3940_c3941_o3085.html
2022-08-16 23:46:53.944 | INFO     | __main__:<module>:60 - DONE!!!!!
2022-08-16 23:46:58.993 | INFO     | agg_utils:get_data_from_sources:113 - PNUH extracted
2022-08-16 23:46:59.115 | INFO     | agg_utils:get_data_from_sources:113 - DCMC extracted
2022-08-16 23:46:59.249 | INFO     | agg_utils:get_data_from_sources:113 - KHMC extracted
2022-08-16 23:46:59.376 | INFO     | agg_utils:get_data_from_sources:113 - EUMC extracted
2022-08-16 23:46:59.516 | INFO     | agg_utils:get_data_from_sources:113 - GNUH extracted
2022-08-16 23:46:59.654 | INFO     | agg_utils:get_data_from_sources:113 - KDH extracted
2022-08-16 23:46:59.674 | INFO     | agg_utils:ple_aggregation:457 - target_id: 3933, comparator_id: 3934, outcome_id: 3085
2022-08-16 23:46:59.701 | WARNING  | agg_utils:ple_aggregation:559 - PNUH has non-positive value in target_outcomes 
2022-08-16 23:46:59.702 | WARNING  | agg_utils:ple_aggregation:559 - DCMC has non-positive value in target_outcomes 
2022-08-16 23:46:59.702 | WARNING  | agg_utils:ple_aggregation:559 - KHMC has non-positive value in target_outcomes 
2022-08-16 23:46:59.702 | WARNING  | agg_utils:ple_aggregation:559 - EUMC has non-positive value in target_outcomes 
2022-08-16 23:46:59.702 | WARNING  | agg_utils:ple_aggregation:559 - EUMC has non-positive value in comparator_outcomes 
2022-08-16 23:46:59.703 | WARNING  | agg_utils:ple_aggregation:559 - KDH has non-positive value in target_outcomes 
2022-08-16 23:47:04.687 | INFO     | agg_utils:ple_aggregation:617 - 
                target: [seol] Operation_HNNC_Aspirin, 

                Comparator : [seol] Operation_HNNC_NonAspirin, 

                Outcome : [seol] Any Death, 

                to report_t3933_c3934_o3085.html
2022-08-16 23:47:04.734 | INFO     | agg_utils:ple_aggregation:457 - target_id: 3937, comparator_id: 3938, outcome_id: 3085
2022-08-16 23:47:04.771 | WARNING  | agg_utils:ple_aggregation:559 - PNUH has non-positive value in target_outcomes 
2022-08-16 23:47:04.772 | WARNING  | agg_utils:ple_aggregation:559 - DCMC has non-positive value in target_outcomes 
2022-08-16 23:47:04.772 | WARNING  | agg_utils:ple_aggregation:559 - DCMC has non-positive value in comparator_outcomes 
2022-08-16 23:47:04.773 | WARNING  | agg_utils:ple_aggregation:559 - KHMC has non-positive value in target_outcomes 
2022-08-16 23:47:04.774 | WARNING  | agg_utils:ple_aggregation:559 - EUMC has non-positive value in target_subjects 
2022-08-16 23:47:04.774 | WARNING  | agg_utils:ple_aggregation:559 - EUMC has non-positive value in target_outcomes 
2022-08-16 23:47:04.775 | WARNING  | agg_utils:ple_aggregation:559 - EUMC has non-positive value in comparator_outcomes 
2022-08-16 23:47:04.777 | WARNING  | agg_utils:ple_aggregation:559 - EUMC has non-positive value in target_no_outcomes 
2022-08-16 23:47:04.780 | WARNING  | agg_utils:ple_aggregation:559 - KDH has non-positive value in target_outcomes 
2022-08-16 23:47:07.238 | INFO     | agg_utils:ple_aggregation:617 - 
                target: [seol] Operation_HNNC_Metformin, 

                Comparator : [seol] Operation_HNNC_NonMetformin, 

                Outcome : [seol] Any Death, 

                to report_t3937_c3938_o3085.html
2022-08-16 23:47:07.280 | INFO     | agg_utils:ple_aggregation:457 - target_id: 3940, comparator_id: 3941, outcome_id: 3085
2022-08-16 23:47:07.312 | WARNING  | agg_utils:ple_aggregation:559 - DCMC has non-positive value in target_outcomes 
2022-08-16 23:47:07.313 | WARNING  | agg_utils:ple_aggregation:559 - EUMC has non-positive value in target_outcomes 
2022-08-16 23:47:10.699 | INFO     | agg_utils:ple_aggregation:617 - 
                target: [seol] Operation_HNNC_Statin, 

                Comparator : [seol] Operation_HNNC_NonStatin, 

                Outcome : [seol] Any Death, 

                to report_t3940_c3941_o3085.html
2022-08-16 23:47:10.768 | INFO     | __main__:<module>:60 - DONE!!!!!
